<?xml version="1.0" encoding="UTF-8"?>
<testng-results ignored="0" total="2" passed="2" failed="0" skipped="0">
  <reporter-output>
  </reporter-output>
  <suite started-at="2024-06-10T14:47:13 CEST" name="Surefire suite" finished-at="2024-06-10T14:47:20 CEST" duration-ms="7180">
    <groups>
    </groups>
    <test started-at="2024-06-10T14:47:13 CEST" name="Surefire test" finished-at="2024-06-10T14:47:20 CEST" duration-ms="7180">
      <class name="com.qa.tests.LoginPageTest">
        <test-method is-config="true" signature="setUp()[pri:0, instance:com.qa.tests.LoginPageTest@6d2a209c]" started-at="2024-06-10T14:47:13 CEST" name="setUp" finished-at="2024-06-10T14:47:16 CEST" duration-ms="2893" status="PASS">
          <reporter-output>
          </reporter-output>
        </test-method> <!-- setUp -->
        <test-method signature="verifyErrorMessage()[pri:0, instance:com.qa.tests.LoginPageTest@6d2a209c]" started-at="2024-06-10T14:47:16 CEST" name="verifyErrorMessage" finished-at="2024-06-10T14:47:17 CEST" duration-ms="633" status="PASS">
          <reporter-output>
          </reporter-output>
        </test-method> <!-- verifyErrorMessage -->
        <test-method is-config="true" signature="tearDown()[pri:0, instance:com.qa.tests.LoginPageTest@6d2a209c]" started-at="2024-06-10T14:47:17 CEST" name="tearDown" finished-at="2024-06-10T14:47:17 CEST" duration-ms="444" status="PASS">
          <reporter-output>
          </reporter-output>
        </test-method> <!-- tearDown -->
        <test-method is-config="true" signature="setUp()[pri:0, instance:com.qa.tests.LoginPageTest@6d2a209c]" started-at="2024-06-10T14:47:17 CEST" name="setUp" finished-at="2024-06-10T14:47:19 CEST" duration-ms="1946" status="PASS">
          <reporter-output>
          </reporter-output>
        </test-method> <!-- setUp -->
        <test-method signature="verifySuccessMessage()[pri:0, instance:com.qa.tests.LoginPageTest@6d2a209c]" started-at="2024-06-10T14:47:19 CEST" name="verifySuccessMessage" finished-at="2024-06-10T14:47:20 CEST" duration-ms="521" status="PASS">
          <reporter-output>
          </reporter-output>
        </test-method> <!-- verifySuccessMessage -->
        <test-method is-config="true" signature="tearDown()[pri:0, instance:com.qa.tests.LoginPageTest@6d2a209c]" started-at="2024-06-10T14:47:20 CEST" name="tearDown" finished-at="2024-06-10T14:47:20 CEST" duration-ms="338" status="PASS">
          <reporter-output>
          </reporter-output>
        </test-method> <!-- tearDown -->
      </class> <!-- com.qa.tests.LoginPageTest -->
    </test> <!-- Surefire test -->
  </suite> <!-- Surefire suite -->
</testng-results>
