<?xml version="1.0" encoding="UTF-8"?>
<testng-results ignored="0" total="2" passed="2" failed="0" skipped="0">
  <reporter-output>
  </reporter-output>
  <suite started-at="2024-06-10T09:08:48 CEST" name="Default suite" finished-at="2024-06-10T09:08:58 CEST" duration-ms="10347">
    <groups>
    </groups>
    <test started-at="2024-06-10T09:08:48 CEST" name="Default test" finished-at="2024-06-10T09:08:58 CEST" duration-ms="10347">
      <class name="com.qa.tests.LoginPageTest">
        <test-method is-config="true" signature="setUp()[pri:0, instance:com.qa.tests.LoginPageTest@5a45133e]" started-at="2024-06-10T09:08:48 CEST" name="setUp" finished-at="2024-06-10T09:08:54 CEST" duration-ms="5614" status="PASS">
          <reporter-output>
          </reporter-output>
        </test-method> <!-- setUp -->
        <test-method signature="verifyErrorMessage()[pri:0, instance:com.qa.tests.LoginPageTest@5a45133e]" started-at="2024-06-10T09:08:54 CEST" name="verifyErrorMessage" finished-at="2024-06-10T09:08:55 CEST" duration-ms="592" status="PASS">
          <reporter-output>
          </reporter-output>
        </test-method> <!-- verifyErrorMessage -->
        <test-method is-config="true" signature="tearDown()[pri:0, instance:com.qa.tests.LoginPageTest@5a45133e]" started-at="2024-06-10T09:08:55 CEST" name="tearDown" finished-at="2024-06-10T09:08:55 CEST" duration-ms="453" status="PASS">
          <reporter-output>
          </reporter-output>
        </test-method> <!-- tearDown -->
        <test-method is-config="true" signature="setUp()[pri:0, instance:com.qa.tests.LoginPageTest@5a45133e]" started-at="2024-06-10T09:08:55 CEST" name="setUp" finished-at="2024-06-10T09:08:57 CEST" duration-ms="1990" status="PASS">
          <reporter-output>
          </reporter-output>
        </test-method> <!-- setUp -->
        <test-method signature="verifySuccessMessage()[pri:0, instance:com.qa.tests.LoginPageTest@5a45133e]" started-at="2024-06-10T09:08:57 CEST" name="verifySuccessMessage" description="Verify Success Message when login with valid credentials" finished-at="2024-06-10T09:08:58 CEST" duration-ms="598" status="PASS">
          <reporter-output>
          </reporter-output>
        </test-method> <!-- verifySuccessMessage -->
        <test-method is-config="true" signature="tearDown()[pri:0, instance:com.qa.tests.LoginPageTest@5a45133e]" started-at="2024-06-10T09:08:58 CEST" name="tearDown" finished-at="2024-06-10T09:08:58 CEST" duration-ms="472" status="PASS">
          <reporter-output>
          </reporter-output>
        </test-method> <!-- tearDown -->
      </class> <!-- com.qa.tests.LoginPageTest -->
    </test> <!-- Default test -->
  </suite> <!-- Default suite -->
</testng-results>
