<?xml version="1.0" encoding="UTF-8"?>
<testng-results ignored="0" total="2" passed="2" failed="0" skipped="0">
  <reporter-output>
  </reporter-output>
  <suite started-at="2024-06-10T16:55:17 CEST" name="Command line suite" finished-at="2024-06-10T16:55:25 CEST" duration-ms="7407">
    <groups>
    </groups>
    <test started-at="2024-06-10T16:55:17 CEST" name="Command line test" finished-at="2024-06-10T16:55:25 CEST" duration-ms="7407">
      <class name="com.qa.tests.LoginPageTest">
        <test-method is-config="true" signature="setUp()[pri:0, instance:com.qa.tests.LoginPageTest@cd3fee8]" started-at="2024-06-10T16:55:18 CEST" name="setUp" finished-at="2024-06-10T16:55:21 CEST" duration-ms="3163" status="PASS">
          <reporter-output>
          </reporter-output>
        </test-method> <!-- setUp -->
        <test-method signature="verifyErrorMessage()[pri:0, instance:com.qa.tests.LoginPageTest@cd3fee8]" started-at="2024-06-10T16:55:21 CEST" name="verifyErrorMessage" finished-at="2024-06-10T16:55:21 CEST" duration-ms="511" status="PASS">
          <reporter-output>
          </reporter-output>
        </test-method> <!-- verifyErrorMessage -->
        <test-method is-config="true" signature="tearDown()[pri:0, instance:com.qa.tests.LoginPageTest@cd3fee8]" started-at="2024-06-10T16:55:21 CEST" name="tearDown" finished-at="2024-06-10T16:55:22 CEST" duration-ms="370" status="PASS">
          <reporter-output>
          </reporter-output>
        </test-method> <!-- tearDown -->
        <test-method is-config="true" signature="setUp()[pri:0, instance:com.qa.tests.LoginPageTest@cd3fee8]" started-at="2024-06-10T16:55:22 CEST" name="setUp" finished-at="2024-06-10T16:55:24 CEST" duration-ms="1757" status="PASS">
          <reporter-output>
          </reporter-output>
        </test-method> <!-- setUp -->
        <test-method signature="verifySuccessMessage()[pri:0, instance:com.qa.tests.LoginPageTest@cd3fee8]" started-at="2024-06-10T16:55:24 CEST" name="verifySuccessMessage" finished-at="2024-06-10T16:55:24 CEST" duration-ms="534" status="PASS">
          <reporter-output>
          </reporter-output>
        </test-method> <!-- verifySuccessMessage -->
        <test-method is-config="true" signature="tearDown()[pri:0, instance:com.qa.tests.LoginPageTest@cd3fee8]" started-at="2024-06-10T16:55:24 CEST" name="tearDown" finished-at="2024-06-10T16:55:25 CEST" duration-ms="477" status="PASS">
          <reporter-output>
          </reporter-output>
        </test-method> <!-- tearDown -->
      </class> <!-- com.qa.tests.LoginPageTest -->
    </test> <!-- Command line test -->
  </suite> <!-- Command line suite -->
</testng-results>
